TN:
SF:src\modules\appointments\services\CreateAppointmentService.ts
FN:68,__decorate
FN:68,__metadata
FN:68,__param
FN:68,__awaiter
FN:68,adopt
FN:68,fulfilled
FN:68,rejected
FN:68,step
FN:68,__generator
FN:68,sent
FN:68,Symbol.function.g.(anonymous function)
FN:68,verb
FN:68,step
FN:68,__importDefault
FN:17,CreateAppointmentService
FN:25,CreateAppointmentService.execute
FNF:16
FNH:14
FNDA:1,__decorate
FNDA:1,__metadata
FNDA:2,__param
FNDA:7,__awaiter
FNDA:6,adopt
FNDA:6,fulfilled
FNDA:0,rejected
FNDA:8,step
FNDA:7,__generator
FNDA:6,sent
FNDA:0,Symbol.function.g.(anonymous function)
FNDA:21,verb
FNDA:13,step
FNDA:1,__importDefault
FNDA:5,CreateAppointmentService
FNDA:7,CreateAppointmentService.execute
DA:1,1
DA:2,1
DA:3,1
DA:4,1
DA:5,1
DA:6,1
DA:7,1
DA:8,1
DA:9,1
DA:10,1
DA:11,1
DA:12,1
DA:13,1
DA:14,1
DA:15,1
DA:16,1
DA:17,1
DA:18,5
DA:19,5
DA:20,5
DA:21,5
DA:22,5
DA:23,5
DA:24,1
DA:25,1
DA:26,7
DA:27,7
DA:28,7
DA:29,7
DA:30,7
DA:31,7
DA:32,7
DA:33,7
DA:34,3
DA:35,3
DA:36,7
DA:37,3
DA:38,7
DA:39,7
DA:40,1
DA:41,1
DA:42,2
DA:43,2
DA:44,2
DA:45,2
DA:46,7
DA:47,7
DA:48,0
DA:49,0
DA:50,7
DA:51,7
DA:52,7
DA:53,7
DA:54,7
DA:55,7
DA:56,7
DA:57,7
DA:58,7
DA:59,7
DA:60,7
DA:61,7
DA:62,7
DA:63,7
DA:64,7
DA:65,7
DA:66,1
DA:67,1
DA:68,1
LF:68
LH:66
BRDA:68,0,0,1
BRDA:68,1,0,1
BRDA:68,2,0,0
BRDA:68,3,0,0
BRDA:68,4,0,0
BRDA:68,5,0,0
BRDA:68,6,0,1
BRDA:68,7,0,2
BRDA:68,8,0,2
BRDA:68,9,0,7
BRDA:68,10,0,6
BRDA:68,11,0,0
BRDA:68,12,0,7
BRDA:68,13,0,6
BRDA:68,14,0,0
BRDA:68,15,0,8
BRDA:68,16,0,2
BRDA:68,17,0,6
BRDA:68,18,0,7
BRDA:68,19,0,6
BRDA:68,20,0,0
BRDA:68,21,0,21
BRDA:68,22,0,13
BRDA:68,23,0,13
BRDA:68,24,0,0
BRDA:68,25,0,26
BRDA:68,26,0,0
BRDA:68,27,0,0
BRDA:68,28,0,0
BRDA:68,29,0,0
BRDA:68,30,0,13
BRDA:68,31,0,13
BRDA:68,32,0,0
BRDA:68,33,0,6
BRDA:68,34,0,0
BRDA:68,35,0,7
BRDA:68,36,0,0
BRDA:68,37,0,2
BRDA:68,38,0,0
BRDA:68,39,0,0
BRDA:68,40,0,0
BRDA:68,41,0,0
BRDA:68,42,0,0
BRDA:68,43,0,13
BRDA:68,44,0,8
BRDA:68,45,0,5
BRDA:68,46,0,13
BRDA:68,47,0,7
BRDA:68,48,0,5
BRDA:68,49,0,2
BRDA:68,50,0,0
BRDA:68,51,0,1
BRDA:68,52,0,0
BRDA:16,53,0,1
BRDA:17,54,0,5
BRDA:25,55,0,7
BRDA:68,56,0,7
BRDA:68,57,0,13
BRDA:68,58,0,7
BRDA:33,59,0,4
BRDA:33,60,0,3
BRDA:36,61,0,0
BRDA:36,62,0,3
BRDA:38,63,0,2
BRDA:39,64,0,1
BRDA:41,65,0,2
BRDA:68,66,0,0
BRDA:68,67,0,2
BRDA:47,68,0,0
BRDA:68,69,0,0
BRDA:68,70,0,2
BRDA:68,71,0,0
BRDA:68,72,0,2
BRDA:68,73,0,0
BRF:74
BRH:46
end_of_record
TN:
SF:src\modules\appointments\services\ListProviderDayAvailabilityService.ts
FN:61,__decorate
FN:61,__metadata
FN:61,__param
FN:61,__awaiter
FN:61,adopt
FN:61,fulfilled
FN:61,rejected
FN:61,step
FN:61,__generator
FN:61,sent
FN:61,Symbol.function.g.(anonymous function)
FN:61,verb
FN:61,step
FN:21,ListProviderDayAvailabilityService
FN:26,ListProviderDayAvailabilityService.execute
FNF:15
FNH:13
FNDA:1,__decorate
FNDA:1,__metadata
FNDA:1,__param
FNDA:1,__awaiter
FNDA:1,adopt
FNDA:1,fulfilled
FNDA:0,rejected
FNDA:2,step
FNDA:1,__generator
FNDA:1,sent
FNDA:0,Symbol.function.g.(anonymous function)
FNDA:3,verb
FNDA:2,step
FNDA:1,ListProviderDayAvailabilityService
FNDA:1,ListProviderDayAvailabilityService.execute
DA:1,1
DA:2,1
DA:3,1
DA:4,1
DA:5,1
DA:6,1
DA:7,1
DA:8,1
DA:9,1
DA:10,1
DA:11,1
DA:12,1
DA:13,1
DA:14,1
DA:15,1
DA:16,1
DA:17,1
DA:18,1
DA:19,1
DA:20,1
DA:21,1
DA:22,1
DA:23,1
DA:24,1
DA:25,1
DA:26,1
DA:27,1
DA:28,1
DA:29,1
DA:30,1
DA:31,1
DA:32,1
DA:33,1
DA:34,1
DA:35,1
DA:36,1
DA:37,1
DA:38,1
DA:39,1
DA:40,1
DA:41,1
DA:42,1
DA:43,1
DA:44,1
DA:45,1
DA:46,10
DA:47,10
DA:48,10
DA:49,10
DA:50,10
DA:51,10
DA:52,10
DA:53,10
DA:54,10
DA:55,1
DA:56,1
DA:57,1
DA:58,1
DA:59,1
DA:60,1
DA:61,1
LF:61
LH:61
BRDA:61,0,0,1
BRDA:61,1,0,1
BRDA:61,2,0,0
BRDA:61,3,0,0
BRDA:61,4,0,0
BRDA:61,5,0,0
BRDA:61,6,0,1
BRDA:61,7,0,1
BRDA:61,8,0,1
BRDA:61,9,0,1
BRDA:61,10,0,1
BRDA:61,11,0,0
BRDA:61,12,0,1
BRDA:61,13,0,1
BRDA:61,14,0,0
BRDA:61,15,0,2
BRDA:61,16,0,1
BRDA:61,17,0,1
BRDA:61,18,0,1
BRDA:61,19,0,1
BRDA:61,20,0,0
BRDA:61,21,0,3
BRDA:61,22,0,2
BRDA:61,23,0,2
BRDA:61,24,0,0
BRDA:61,25,0,4
BRDA:61,26,0,0
BRDA:61,27,0,0
BRDA:61,28,0,0
BRDA:61,29,0,0
BRDA:61,30,0,2
BRDA:61,31,0,2
BRDA:61,32,0,0
BRDA:61,33,0,1
BRDA:61,34,0,0
BRDA:61,35,0,1
BRDA:61,36,0,0
BRDA:61,37,0,0
BRDA:61,38,0,0
BRDA:61,39,0,0
BRDA:61,40,0,0
BRDA:61,41,0,0
BRDA:61,42,0,2
BRDA:61,43,0,0
BRDA:61,44,0,2
BRDA:61,45,0,1
BRDA:61,46,0,0
BRDA:61,47,0,1
BRDA:61,48,0,0
BRDA:20,49,0,1
BRDA:21,50,0,1
BRDA:26,51,0,1
BRDA:61,52,0,1
BRDA:61,53,0,2
BRDA:32,54,0,1
BRDA:61,55,0,0
BRDA:61,56,0,1
BRDA:61,57,0,0
BRDA:40,58,0,10
BRDA:45,59,0,10
BRDA:53,60,0,8
BRDA:47,61,0,19
BRF:62
BRH:37
end_of_record
TN:
SF:src\modules\appointments\services\ListProviderMonthAvailabilityService.ts
FN:56,__decorate
FN:56,__metadata
FN:56,__param
FN:56,__awaiter
FN:56,adopt
FN:56,fulfilled
FN:56,rejected
FN:56,step
FN:56,__generator
FN:56,sent
FN:56,Symbol.function.g.(anonymous function)
FN:56,verb
FN:56,step
FN:20,ListProviderMonthAvailabilityService
FN:25,ListProviderMonthAvailabilityService.execute
FNF:15
FNH:13
FNDA:1,__decorate
FNDA:1,__metadata
FNDA:1,__param
FNDA:1,__awaiter
FNDA:1,adopt
FNDA:1,fulfilled
FNDA:0,rejected
FNDA:2,step
FNDA:1,__generator
FNDA:1,sent
FNDA:0,Symbol.function.g.(anonymous function)
FNDA:3,verb
FNDA:2,step
FNDA:1,ListProviderMonthAvailabilityService
FNDA:1,ListProviderMonthAvailabilityService.execute
DA:1,1
DA:2,1
DA:3,1
DA:4,1
DA:5,1
DA:6,1
DA:7,1
DA:8,1
DA:9,1
DA:10,1
DA:11,1
DA:12,1
DA:13,1
DA:14,1
DA:15,1
DA:16,1
DA:17,1
DA:18,1
DA:19,1
DA:20,1
DA:21,1
DA:22,1
DA:23,1
DA:24,1
DA:25,1
DA:26,1
DA:27,1
DA:28,1
DA:29,1
DA:30,1
DA:31,1
DA:32,1
DA:33,1
DA:34,1
DA:35,1
DA:36,1
DA:37,1
DA:38,1
DA:39,1
DA:40,1
DA:41,1
DA:42,31
DA:43,341
DA:44,31
DA:45,31
DA:46,31
DA:47,31
DA:48,31
DA:49,31
DA:50,1
DA:51,1
DA:52,1
DA:53,1
DA:54,1
DA:55,1
DA:56,1
LF:56
LH:56
BRDA:56,0,0,1
BRDA:56,1,0,1
BRDA:56,2,0,0
BRDA:56,3,0,0
BRDA:56,4,0,0
BRDA:56,5,0,0
BRDA:56,6,0,1
BRDA:56,7,0,1
BRDA:56,8,0,1
BRDA:56,9,0,1
BRDA:56,10,0,1
BRDA:56,11,0,0
BRDA:56,12,0,1
BRDA:56,13,0,1
BRDA:56,14,0,0
BRDA:56,15,0,2
BRDA:56,16,0,1
BRDA:56,17,0,1
BRDA:56,18,0,1
BRDA:56,19,0,1
BRDA:56,20,0,0
BRDA:56,21,0,3
BRDA:56,22,0,2
BRDA:56,23,0,2
BRDA:56,24,0,0
BRDA:56,25,0,4
BRDA:56,26,0,0
BRDA:56,27,0,0
BRDA:56,28,0,0
BRDA:56,29,0,0
BRDA:56,30,0,2
BRDA:56,31,0,2
BRDA:56,32,0,0
BRDA:56,33,0,1
BRDA:56,34,0,0
BRDA:56,35,0,1
BRDA:56,36,0,0
BRDA:56,37,0,0
BRDA:56,38,0,0
BRDA:56,39,0,0
BRDA:56,40,0,0
BRDA:56,41,0,0
BRDA:56,42,0,2
BRDA:56,43,0,0
BRDA:56,44,0,2
BRDA:56,45,0,1
BRDA:56,46,0,0
BRDA:56,47,0,1
BRDA:56,48,0,0
BRDA:19,49,0,1
BRDA:20,50,0,1
BRDA:25,51,0,1
BRDA:56,52,0,1
BRDA:56,53,0,2
BRDA:30,54,0,1
BRDA:56,55,0,0
BRDA:56,56,0,1
BRDA:56,57,0,0
BRDA:38,58,0,31
BRDA:41,59,0,31
BRDA:42,60,0,341
BRF:61
BRH:36
end_of_record
TN:
SF:src\modules\appointments\services\ListProvidersAppointmentsService.ts
FN:34,__decorate
FN:34,__metadata
FN:34,__param
FN:34,__awaiter
FN:34,adopt
FN:34,fulfilled
FN:34,rejected
FN:34,step
FN:34,__generator
FN:34,sent
FN:34,Symbol.function.g.(anonymous function)
FN:34,verb
FN:34,step
FN:15,ListProvidersAppointmentsService
FN:20,ListProvidersAppointmentsService.execute
FNF:15
FNH:13
FNDA:1,__decorate
FNDA:1,__metadata
FNDA:1,__param
FNDA:1,__awaiter
FNDA:1,adopt
FNDA:1,fulfilled
FNDA:0,rejected
FNDA:2,step
FNDA:1,__generator
FNDA:1,sent
FNDA:0,Symbol.function.g.(anonymous function)
FNDA:3,verb
FNDA:2,step
FNDA:1,ListProvidersAppointmentsService
FNDA:1,ListProvidersAppointmentsService.execute
DA:1,1
DA:2,1
DA:3,1
DA:4,1
DA:5,1
DA:6,1
DA:7,1
DA:8,1
DA:9,1
DA:10,1
DA:11,1
DA:12,1
DA:13,1
DA:14,1
DA:15,1
DA:16,1
DA:17,1
DA:18,1
DA:19,1
DA:20,1
DA:21,1
DA:22,1
DA:23,1
DA:24,1
DA:25,1
DA:26,1
DA:27,1
DA:28,1
DA:29,1
DA:30,1
DA:31,1
DA:32,1
DA:33,1
DA:34,1
LF:34
LH:34
BRDA:34,0,0,1
BRDA:34,1,0,1
BRDA:34,2,0,0
BRDA:34,3,0,0
BRDA:34,4,0,0
BRDA:34,5,0,0
BRDA:34,6,0,1
BRDA:34,7,0,1
BRDA:34,8,0,1
BRDA:34,9,0,1
BRDA:34,10,0,1
BRDA:34,11,0,0
BRDA:34,12,0,1
BRDA:34,13,0,1
BRDA:34,14,0,0
BRDA:34,15,0,2
BRDA:34,16,0,1
BRDA:34,17,0,1
BRDA:34,18,0,1
BRDA:34,19,0,1
BRDA:34,20,0,0
BRDA:34,21,0,3
BRDA:34,22,0,2
BRDA:34,23,0,2
BRDA:34,24,0,0
BRDA:34,25,0,4
BRDA:34,26,0,0
BRDA:34,27,0,0
BRDA:34,28,0,0
BRDA:34,29,0,0
BRDA:34,30,0,2
BRDA:34,31,0,2
BRDA:34,32,0,0
BRDA:34,33,0,1
BRDA:34,34,0,0
BRDA:34,35,0,1
BRDA:34,36,0,0
BRDA:34,37,0,0
BRDA:34,38,0,0
BRDA:34,39,0,0
BRDA:34,40,0,0
BRDA:34,41,0,0
BRDA:34,42,0,2
BRDA:34,43,0,0
BRDA:34,44,0,2
BRDA:34,45,0,1
BRDA:34,46,0,0
BRDA:34,47,0,1
BRDA:34,48,0,0
BRDA:14,49,0,1
BRDA:15,50,0,1
BRDA:20,51,0,1
BRDA:34,52,0,1
BRDA:34,53,0,2
BRDA:26,54,0,1
BRDA:34,55,0,0
BRDA:34,56,0,1
BRDA:34,57,0,0
BRF:58
BRH:33
end_of_record
TN:
SF:src\modules\appointments\services\ListProvidersService.ts
FN:30,__decorate
FN:30,__metadata
FN:30,__param
FN:30,__awaiter
FN:30,adopt
FN:30,fulfilled
FN:30,rejected
FN:30,step
FN:30,__generator
FN:30,sent
FN:30,Symbol.function.g.(anonymous function)
FN:30,verb
FN:30,step
FN:30,__importDefault
FN:14,ListProvidersService
FN:19,ListProvidersService.execute
FNF:16
FNH:14
FNDA:1,__decorate
FNDA:1,__metadata
FNDA:1,__param
FNDA:1,__awaiter
FNDA:1,adopt
FNDA:1,fulfilled
FNDA:0,rejected
FNDA:2,step
FNDA:1,__generator
FNDA:1,sent
FNDA:0,Symbol.function.g.(anonymous function)
FNDA:3,verb
FNDA:2,step
FNDA:1,__importDefault
FNDA:1,ListProvidersService
FNDA:1,ListProvidersService.execute
DA:1,1
DA:2,1
DA:3,1
DA:4,1
DA:5,1
DA:6,1
DA:7,1
DA:8,1
DA:9,1
DA:10,1
DA:11,1
DA:12,1
DA:13,1
DA:14,1
DA:15,1
DA:16,1
DA:17,1
DA:18,1
DA:19,1
DA:20,1
DA:21,1
DA:22,1
DA:23,1
DA:24,1
DA:25,1
DA:26,1
DA:27,1
DA:28,1
DA:29,1
DA:30,1
LF:30
LH:30
BRDA:30,0,0,1
BRDA:30,1,0,1
BRDA:30,2,0,0
BRDA:30,3,0,0
BRDA:30,4,0,0
BRDA:30,5,0,0
BRDA:30,6,0,1
BRDA:30,7,0,1
BRDA:30,8,0,1
BRDA:30,9,0,1
BRDA:30,10,0,1
BRDA:30,11,0,0
BRDA:30,12,0,1
BRDA:30,13,0,1
BRDA:30,14,0,0
BRDA:30,15,0,2
BRDA:30,16,0,1
BRDA:30,17,0,1
BRDA:30,18,0,1
BRDA:30,19,0,1
BRDA:30,20,0,0
BRDA:30,21,0,3
BRDA:30,22,0,2
BRDA:30,23,0,2
BRDA:30,24,0,0
BRDA:30,25,0,4
BRDA:30,26,0,0
BRDA:30,27,0,0
BRDA:30,28,0,0
BRDA:30,29,0,0
BRDA:30,30,0,2
BRDA:30,31,0,2
BRDA:30,32,0,0
BRDA:30,33,0,1
BRDA:30,34,0,0
BRDA:30,35,0,1
BRDA:30,36,0,0
BRDA:30,37,0,0
BRDA:30,38,0,0
BRDA:30,39,0,0
BRDA:30,40,0,0
BRDA:30,41,0,0
BRDA:30,42,0,2
BRDA:30,43,0,0
BRDA:30,44,0,2
BRDA:30,45,0,1
BRDA:30,46,0,0
BRDA:30,47,0,1
BRDA:30,48,0,0
BRDA:30,49,0,1
BRDA:30,50,0,0
BRDA:13,51,0,1
BRDA:14,52,0,1
BRDA:19,53,0,1
BRDA:30,54,0,1
BRDA:30,55,0,2
BRDA:20,56,0,1
BRDA:30,57,0,0
BRDA:30,58,0,1
BRDA:24,59,0,0
BRDA:30,60,0,0
BRF:61
BRH:34
end_of_record
TN:
SF:src\modules\users\services\AuthenticateUserService.ts
FN:56,__decorate
FN:56,__metadata
FN:56,__param
FN:56,__awaiter
FN:56,adopt
FN:56,fulfilled
FN:56,rejected
FN:56,step
FN:56,__generator
FN:56,sent
FN:56,Symbol.function.g.(anonymous function)
FN:56,verb
FN:56,step
FN:56,__importDefault
FN:24,AuthenticateUserService
FN:32,AuthenticateUserService.execute
FNF:16
FNH:14
FNDA:1,__decorate
FNDA:1,__metadata
FNDA:2,__param
FNDA:3,__awaiter
FNDA:5,adopt
FNDA:5,fulfilled
FNDA:0,rejected
FNDA:6,step
FNDA:3,__generator
FNDA:5,sent
FNDA:0,Symbol.function.g.(anonymous function)
FNDA:9,verb
FNDA:8,step
FNDA:2,__importDefault
FNDA:3,AuthenticateUserService
FNDA:3,AuthenticateUserService.execute
DA:1,1
DA:2,1
DA:3,1
DA:4,1
DA:5,1
DA:6,1
DA:7,1
DA:8,1
DA:9,1
DA:10,1
DA:11,1
DA:12,1
DA:13,1
DA:14,1
DA:15,1
DA:16,1
DA:17,1
DA:18,1
DA:19,1
DA:20,1
DA:21,1
DA:22,1
DA:23,1
DA:24,1
DA:25,3
DA:26,3
DA:27,3
DA:28,3
DA:29,3
DA:30,3
DA:31,1
DA:32,1
DA:33,3
DA:34,3
DA:35,3
DA:36,2
DA:37,2
DA:38,2
DA:39,2
DA:40,2
DA:41,3
DA:42,3
DA:43,3
DA:44,1
DA:45,1
DA:46,1
DA:47,1
DA:48,1
DA:49,1
DA:50,1
DA:51,1
DA:52,1
DA:53,3
DA:54,1
DA:55,1
DA:56,1
LF:56
LH:56
BRDA:56,0,0,1
BRDA:56,1,0,1
BRDA:56,2,0,0
BRDA:56,3,0,0
BRDA:56,4,0,0
BRDA:56,5,0,0
BRDA:56,6,0,1
BRDA:56,7,0,2
BRDA:56,8,0,2
BRDA:56,9,0,3
BRDA:56,10,0,5
BRDA:56,11,0,0
BRDA:56,12,0,3
BRDA:56,13,0,5
BRDA:56,14,0,3
BRDA:56,15,0,2
BRDA:56,16,0,6
BRDA:56,17,0,1
BRDA:56,18,0,5
BRDA:56,19,0,3
BRDA:56,20,0,5
BRDA:56,21,0,0
BRDA:56,22,0,9
BRDA:56,23,0,8
BRDA:56,24,0,8
BRDA:56,25,0,0
BRDA:56,26,0,16
BRDA:56,27,0,0
BRDA:56,28,0,0
BRDA:56,29,0,0
BRDA:56,30,0,0
BRDA:56,31,0,8
BRDA:56,32,0,8
BRDA:56,33,0,0
BRDA:56,34,0,5
BRDA:56,35,0,0
BRDA:56,36,0,3
BRDA:56,37,0,0
BRDA:56,38,0,1
BRDA:56,39,0,0
BRDA:56,40,0,0
BRDA:56,41,0,0
BRDA:56,42,0,0
BRDA:56,43,0,0
BRDA:56,44,0,8
BRDA:56,45,0,6
BRDA:56,46,0,2
BRDA:56,47,0,8
BRDA:56,48,0,3
BRDA:56,49,0,2
BRDA:56,50,0,1
BRDA:56,51,0,0
BRDA:56,52,0,2
BRDA:56,53,0,0
BRDA:23,54,0,1
BRDA:24,55,0,3
BRDA:32,56,0,3
BRDA:56,57,0,3
BRDA:56,58,0,8
BRDA:33,59,0,3
BRDA:56,60,0,0
BRDA:56,61,0,3
BRDA:35,62,0,1
BRDA:35,63,0,2
BRDA:56,64,0,0
BRDA:56,65,0,2
BRDA:43,66,0,1
BRDA:56,67,0,0
BRF:68
BRH:44
end_of_record
TN:
SF:src\modules\users\services\CreateUserService.ts
FN:40,__decorate
FN:40,__metadata
FN:40,__param
FN:40,__awaiter
FN:40,adopt
FN:40,fulfilled
FN:40,rejected
FN:40,step
FN:40,__generator
FN:40,sent
FN:40,Symbol.function.g.(anonymous function)
FN:40,verb
FN:40,step
FN:40,__importDefault
FN:15,CreateUserService
FN:23,CreateUserService.execute
FNF:16
FNH:14
FNDA:2,__decorate
FNDA:2,__metadata
FNDA:4,__param
FNDA:5,__awaiter
FNDA:13,adopt
FNDA:13,fulfilled
FNDA:0,rejected
FNDA:17,step
FNDA:5,__generator
FNDA:13,sent
FNDA:0,Symbol.function.g.(anonymous function)
FNDA:15,verb
FNDA:18,step
FNDA:2,__importDefault
FNDA:4,CreateUserService
FNDA:5,CreateUserService.execute
DA:1,1
DA:2,1
DA:3,1
DA:4,1
DA:5,1
DA:6,1
DA:7,1
DA:8,1
DA:9,1
DA:10,1
DA:11,1
DA:12,1
DA:13,1
DA:14,2
DA:15,2
DA:16,4
DA:17,4
DA:18,4
DA:19,4
DA:20,4
DA:21,4
DA:22,2
DA:23,2
DA:24,5
DA:25,5
DA:26,5
DA:27,4
DA:28,4
DA:29,5
DA:30,5
DA:31,5
DA:32,5
DA:33,5
DA:34,5
DA:35,5
DA:36,5
DA:37,5
DA:38,2
DA:39,1
DA:40,1
LF:40
LH:40
BRDA:40,0,0,2
BRDA:40,1,0,2
BRDA:40,2,0,0
BRDA:40,3,0,0
BRDA:40,4,0,0
BRDA:40,5,0,0
BRDA:40,6,0,2
BRDA:40,7,0,4
BRDA:40,8,0,4
BRDA:40,9,0,5
BRDA:40,10,0,13
BRDA:40,11,0,0
BRDA:40,12,0,5
BRDA:40,13,0,13
BRDA:40,14,0,12
BRDA:40,15,0,1
BRDA:40,16,0,17
BRDA:40,17,0,4
BRDA:40,18,0,13
BRDA:40,19,0,5
BRDA:40,20,0,13
BRDA:40,21,0,0
BRDA:40,22,0,15
BRDA:40,23,0,18
BRDA:40,24,0,18
BRDA:40,25,0,0
BRDA:40,26,0,36
BRDA:40,27,0,0
BRDA:40,28,0,0
BRDA:40,29,0,0
BRDA:40,30,0,0
BRDA:40,31,0,18
BRDA:40,32,0,18
BRDA:40,33,0,0
BRDA:40,34,0,13
BRDA:40,35,0,0
BRDA:40,36,0,5
BRDA:40,37,0,0
BRDA:40,38,0,4
BRDA:40,39,0,0
BRDA:40,40,0,0
BRDA:40,41,0,0
BRDA:40,42,0,0
BRDA:40,43,0,0
BRDA:40,44,0,28
BRDA:40,45,0,18
BRDA:40,46,0,17
BRDA:40,47,0,1
BRDA:40,48,0,18
BRDA:40,49,0,5
BRDA:40,50,0,1
BRDA:40,51,0,4
BRDA:40,52,0,0
BRDA:40,53,0,2
BRDA:40,54,0,0
BRDA:14,55,0,2
BRDA:15,56,0,4
BRDA:23,57,0,5
BRDA:40,58,0,5
BRDA:40,59,0,18
BRDA:24,60,0,5
BRDA:40,61,0,0
BRDA:40,62,0,5
BRDA:26,63,0,1
BRDA:26,64,0,4
BRDA:40,65,0,0
BRDA:40,66,0,4
BRDA:40,67,0,0
BRDA:40,68,0,4
BRDA:40,69,0,0
BRF:70
BRH:45
end_of_record
TN:
SF:src\modules\users\services\ResetPasswordService.ts
FN:50,__decorate
FN:50,__metadata
FN:50,__param
FN:50,__awaiter
FN:50,adopt
FN:50,fulfilled
FN:50,rejected
FN:50,step
FN:50,__generator
FN:50,sent
FN:50,Symbol.function.g.(anonymous function)
FN:50,verb
FN:50,step
FN:50,__importDefault
FN:17,SendForgotPasswordMailService
FN:28,SendForgotPasswordMailService.execute
FNF:16
FNH:14
FNDA:1,__decorate
FNDA:1,__metadata
FNDA:3,__param
FNDA:4,__awaiter
FNDA:9,adopt
FNDA:9,fulfilled
FNDA:0,rejected
FNDA:10,step
FNDA:4,__generator
FNDA:9,sent
FNDA:0,Symbol.function.g.(anonymous function)
FNDA:12,verb
FNDA:13,step
FNDA:1,__importDefault
FNDA:4,SendForgotPasswordMailService
FNDA:4,SendForgotPasswordMailService.execute
DA:1,1
DA:2,1
DA:3,1
DA:4,1
DA:5,1
DA:6,1
DA:7,1
DA:8,1
DA:9,1
DA:10,1
DA:11,1
DA:12,1
DA:13,1
DA:14,1
DA:15,1
DA:16,1
DA:17,1
DA:18,4
DA:19,4
DA:20,4
DA:21,4
DA:22,4
DA:23,4
DA:24,4
DA:25,4
DA:26,4
DA:27,1
DA:28,1
DA:29,4
DA:30,4
DA:31,4
DA:32,3
DA:33,3
DA:34,4
DA:35,4
DA:36,2
DA:37,2
DA:38,2
DA:39,2
DA:40,4
DA:41,1
DA:42,1
DA:43,1
DA:44,1
DA:45,4
DA:46,4
DA:47,4
DA:48,1
DA:49,1
DA:50,1
LF:50
LH:50
BRDA:50,0,0,1
BRDA:50,1,0,1
BRDA:50,2,0,0
BRDA:50,3,0,0
BRDA:50,4,0,0
BRDA:50,5,0,0
BRDA:50,6,0,1
BRDA:50,7,0,3
BRDA:50,8,0,3
BRDA:50,9,0,4
BRDA:50,10,0,9
BRDA:50,11,0,0
BRDA:50,12,0,4
BRDA:50,13,0,9
BRDA:50,14,0,6
BRDA:50,15,0,3
BRDA:50,16,0,10
BRDA:50,17,0,1
BRDA:50,18,0,9
BRDA:50,19,0,4
BRDA:50,20,0,9
BRDA:50,21,0,0
BRDA:50,22,0,12
BRDA:50,23,0,13
BRDA:50,24,0,13
BRDA:50,25,0,0
BRDA:50,26,0,26
BRDA:50,27,0,0
BRDA:50,28,0,0
BRDA:50,29,0,0
BRDA:50,30,0,0
BRDA:50,31,0,13
BRDA:50,32,0,13
BRDA:50,33,0,0
BRDA:50,34,0,9
BRDA:50,35,0,0
BRDA:50,36,0,4
BRDA:50,37,0,0
BRDA:50,38,0,1
BRDA:50,39,0,0
BRDA:50,40,0,0
BRDA:50,41,0,0
BRDA:50,42,0,0
BRDA:50,43,0,0
BRDA:50,44,0,13
BRDA:50,45,0,10
BRDA:50,46,0,3
BRDA:50,47,0,13
BRDA:50,48,0,4
BRDA:50,49,0,3
BRDA:50,50,0,1
BRDA:50,51,0,0
BRDA:50,52,0,1
BRDA:50,53,0,0
BRDA:16,54,0,1
BRDA:17,55,0,4
BRDA:28,56,0,4
BRDA:50,57,0,4
BRDA:50,58,0,13
BRDA:29,59,0,4
BRDA:50,60,0,0
BRDA:50,61,0,4
BRDA:31,62,0,1
BRDA:31,63,0,3
BRDA:50,64,0,0
BRDA:50,65,0,3
BRDA:35,66,0,1
BRDA:35,67,0,2
BRDA:40,68,0,1
BRDA:50,69,0,0
BRDA:50,70,0,1
BRDA:50,71,0,0
BRDA:50,72,0,1
BRDA:50,73,0,0
BRF:74
BRH:48
end_of_record
TN:
SF:src\modules\users\services\SendForgotPasswordMailService.ts
FN:58,__decorate
FN:58,__metadata
FN:58,__param
FN:58,__awaiter
FN:58,adopt
FN:58,fulfilled
FN:58,rejected
FN:58,step
FN:58,__generator
FN:58,sent
FN:58,Symbol.function.g.(anonymous function)
FN:58,verb
FN:58,step
FN:58,__importDefault
FN:16,SendForgotPasswordMailService
FN:27,SendForgotPasswordMailService.execute
FNF:16
FNH:14
FNDA:1,__decorate
FNDA:1,__metadata
FNDA:3,__param
FNDA:3,__awaiter
FNDA:7,adopt
FNDA:7,fulfilled
FNDA:0,rejected
FNDA:9,step
FNDA:3,__generator
FNDA:7,sent
FNDA:0,Symbol.function.g.(anonymous function)
FNDA:9,verb
FNDA:10,step
FNDA:2,__importDefault
FNDA:3,SendForgotPasswordMailService
FNDA:3,SendForgotPasswordMailService.execute
DA:1,1
DA:2,1
DA:3,1
DA:4,1
DA:5,1
DA:6,1
DA:7,1
DA:8,1
DA:9,1
DA:10,1
DA:11,1
DA:12,1
DA:13,1
DA:14,1
DA:15,1
DA:16,1
DA:17,3
DA:18,3
DA:19,3
DA:20,3
DA:21,3
DA:22,3
DA:23,3
DA:24,3
DA:25,3
DA:26,1
DA:27,1
DA:28,3
DA:29,3
DA:30,3
DA:31,2
DA:32,2
DA:33,3
DA:34,3
DA:35,3
DA:36,3
DA:37,3
DA:38,3
DA:39,3
DA:40,3
DA:41,3
DA:42,3
DA:43,3
DA:44,3
DA:45,3
DA:46,3
DA:47,3
DA:48,3
DA:49,3
DA:50,3
DA:51,3
DA:52,3
DA:53,3
DA:54,3
DA:55,3
DA:56,1
DA:57,1
DA:58,1
LF:58
LH:58
BRDA:58,0,0,1
BRDA:58,1,0,1
BRDA:58,2,0,0
BRDA:58,3,0,0
BRDA:58,4,0,0
BRDA:58,5,0,0
BRDA:58,6,0,1
BRDA:58,7,0,3
BRDA:58,8,0,3
BRDA:58,9,0,3
BRDA:58,10,0,7
BRDA:58,11,0,0
BRDA:58,12,0,3
BRDA:58,13,0,7
BRDA:58,14,0,6
BRDA:58,15,0,1
BRDA:58,16,0,9
BRDA:58,17,0,2
BRDA:58,18,0,7
BRDA:58,19,0,3
BRDA:58,20,0,7
BRDA:58,21,0,0
BRDA:58,22,0,9
BRDA:58,23,0,10
BRDA:58,24,0,10
BRDA:58,25,0,0
BRDA:58,26,0,20
BRDA:58,27,0,0
BRDA:58,28,0,0
BRDA:58,29,0,0
BRDA:58,30,0,0
BRDA:58,31,0,10
BRDA:58,32,0,10
BRDA:58,33,0,0
BRDA:58,34,0,7
BRDA:58,35,0,0
BRDA:58,36,0,3
BRDA:58,37,0,0
BRDA:58,38,0,2
BRDA:58,39,0,0
BRDA:58,40,0,0
BRDA:58,41,0,0
BRDA:58,42,0,0
BRDA:58,43,0,0
BRDA:58,44,0,10
BRDA:58,45,0,9
BRDA:58,46,0,1
BRDA:58,47,0,10
BRDA:58,48,0,3
BRDA:58,49,0,1
BRDA:58,50,0,2
BRDA:58,51,0,0
BRDA:58,52,0,2
BRDA:58,53,0,1
BRDA:58,54,0,1
BRDA:15,55,0,1
BRDA:16,56,0,3
BRDA:27,57,0,3
BRDA:58,58,0,3
BRDA:58,59,0,10
BRDA:28,60,0,3
BRDA:58,61,0,0
BRDA:58,62,0,3
BRDA:30,63,0,1
BRDA:30,64,0,2
BRDA:58,65,0,0
BRDA:58,66,0,2
BRDA:58,67,0,0
BRDA:58,68,0,2
BRDA:58,69,0,0
BRF:70
BRH:46
end_of_record
TN:
SF:src\modules\users\services\ShowProfileService.ts
FN:29,__decorate
FN:29,__metadata
FN:29,__param
FN:29,__awaiter
FN:29,adopt
FN:29,fulfilled
FN:29,rejected
FN:29,step
FN:29,__generator
FN:29,sent
FN:29,Symbol.function.g.(anonymous function)
FN:29,verb
FN:29,step
FN:29,__importDefault
FN:15,ShowProfileService
FN:20,ShowProfileService.execute
FNF:16
FNH:14
FNDA:1,__decorate
FNDA:1,__metadata
FNDA:1,__param
FNDA:2,__awaiter
FNDA:2,adopt
FNDA:2,fulfilled
FNDA:0,rejected
FNDA:3,step
FNDA:2,__generator
FNDA:2,sent
FNDA:0,Symbol.function.g.(anonymous function)
FNDA:6,verb
FNDA:4,step
FNDA:1,__importDefault
FNDA:2,ShowProfileService
FNDA:2,ShowProfileService.execute
DA:1,1
DA:2,1
DA:3,1
DA:4,1
DA:5,1
DA:6,1
DA:7,1
DA:8,1
DA:9,1
DA:10,1
DA:11,1
DA:12,1
DA:13,1
DA:14,1
DA:15,1
DA:16,2
DA:17,2
DA:18,2
DA:19,1
DA:20,1
DA:21,2
DA:22,2
DA:23,2
DA:24,1
DA:25,1
DA:26,2
DA:27,1
DA:28,1
DA:29,1
LF:29
LH:29
BRDA:29,0,0,1
BRDA:29,1,0,1
BRDA:29,2,0,0
BRDA:29,3,0,0
BRDA:29,4,0,0
BRDA:29,5,0,0
BRDA:29,6,0,1
BRDA:29,7,0,1
BRDA:29,8,0,1
BRDA:29,9,0,2
BRDA:29,10,0,2
BRDA:29,11,0,0
BRDA:29,12,0,2
BRDA:29,13,0,2
BRDA:29,14,0,1
BRDA:29,15,0,3
BRDA:29,16,0,1
BRDA:29,17,0,2
BRDA:29,18,0,2
BRDA:29,19,0,2
BRDA:29,20,0,0
BRDA:29,21,0,6
BRDA:29,22,0,4
BRDA:29,23,0,4
BRDA:29,24,0,0
BRDA:29,25,0,8
BRDA:29,26,0,0
BRDA:29,27,0,0
BRDA:29,28,0,0
BRDA:29,29,0,0
BRDA:29,30,0,4
BRDA:29,31,0,4
BRDA:29,32,0,0
BRDA:29,33,0,2
BRDA:29,34,0,0
BRDA:29,35,0,2
BRDA:29,36,0,0
BRDA:29,37,0,1
BRDA:29,38,0,0
BRDA:29,39,0,0
BRDA:29,40,0,0
BRDA:29,41,0,0
BRDA:29,42,0,0
BRDA:29,43,0,4
BRDA:29,44,0,3
BRDA:29,45,0,1
BRDA:29,46,0,4
BRDA:29,47,0,2
BRDA:29,48,0,1
BRDA:29,49,0,0
BRDA:29,50,0,1
BRDA:29,51,0,0
BRDA:14,52,0,1
BRDA:15,53,0,2
BRDA:20,54,0,2
BRDA:29,55,0,2
BRDA:29,56,0,4
BRDA:21,57,0,2
BRDA:29,58,0,0
BRDA:29,59,0,2
BRDA:23,60,0,1
BRDA:29,61,0,0
BRF:62
BRH:39
end_of_record
TN:
SF:src\modules\users\services\UpdateProfileService.ts
FN:67,__decorate
FN:67,__metadata
FN:67,__param
FN:67,__awaiter
FN:67,adopt
FN:67,fulfilled
FN:67,rejected
FN:67,step
FN:67,__generator
FN:67,sent
FN:67,Symbol.function.g.(anonymous function)
FN:67,verb
FN:67,step
FN:67,__importDefault
FN:20,UpdateUserAvatarService
FN:28,UpdateUserAvatarService.execute
FNF:16
FNH:14
FNDA:1,__decorate
FNDA:1,__metadata
FNDA:2,__param
FNDA:6,__awaiter
FNDA:14,adopt
FNDA:14,fulfilled
FNDA:0,rejected
FNDA:16,step
FNDA:6,__generator
FNDA:14,sent
FNDA:0,Symbol.function.g.(anonymous function)
FNDA:18,verb
FNDA:20,step
FNDA:1,__importDefault
FNDA:6,UpdateUserAvatarService
FNDA:6,UpdateUserAvatarService.execute
DA:1,1
DA:2,1
DA:3,1
DA:4,1
DA:5,1
DA:6,1
DA:7,1
DA:8,1
DA:9,1
DA:10,1
DA:11,1
DA:12,1
DA:13,1
DA:14,1
DA:15,1
DA:16,1
DA:17,1
DA:18,1
DA:19,1
DA:20,1
DA:21,6
DA:22,6
DA:23,6
DA:24,6
DA:25,6
DA:26,6
DA:27,1
DA:28,1
DA:29,6
DA:30,6
DA:31,6
DA:32,6
DA:33,6
DA:34,6
DA:35,6
DA:36,6
DA:37,6
DA:38,5
DA:39,5
DA:40,6
DA:41,6
DA:42,6
DA:43,4
DA:44,4
DA:45,4
DA:46,4
DA:47,6
DA:48,6
DA:49,1
DA:50,1
DA:51,3
DA:52,6
DA:53,2
DA:54,2
DA:55,2
DA:56,2
DA:57,6
DA:58,6
DA:59,1
DA:60,1
DA:61,6
DA:62,6
DA:63,6
DA:64,6
DA:65,1
DA:66,1
DA:67,1
LF:67
LH:67
BRDA:67,0,0,1
BRDA:67,1,0,1
BRDA:67,2,0,0
BRDA:67,3,0,0
BRDA:67,4,0,0
BRDA:67,5,0,0
BRDA:67,6,0,1
BRDA:67,7,0,2
BRDA:67,8,0,2
BRDA:67,9,0,6
BRDA:67,10,0,14
BRDA:67,11,0,0
BRDA:67,12,0,6
BRDA:67,13,0,14
BRDA:67,14,0,10
BRDA:67,15,0,4
BRDA:67,16,0,16
BRDA:67,17,0,2
BRDA:67,18,0,14
BRDA:67,19,0,6
BRDA:67,20,0,14
BRDA:67,21,0,0
BRDA:67,22,0,18
BRDA:67,23,0,20
BRDA:67,24,0,20
BRDA:67,25,0,0
BRDA:67,26,0,41
BRDA:67,27,0,0
BRDA:67,28,0,0
BRDA:67,29,0,0
BRDA:67,30,0,0
BRDA:67,31,0,20
BRDA:67,32,0,20
BRDA:67,33,0,0
BRDA:67,34,0,14
BRDA:67,35,0,0
BRDA:67,36,0,7
BRDA:67,37,0,0
BRDA:67,38,0,3
BRDA:67,39,0,6
BRDA:67,40,0,1
BRDA:67,41,0,0
BRDA:67,42,0,1
BRDA:67,43,0,0
BRDA:67,44,0,0
BRDA:67,45,0,0
BRDA:67,46,0,0
BRDA:67,47,0,21
BRDA:67,48,0,17
BRDA:67,49,0,4
BRDA:67,50,0,21
BRDA:67,51,0,6
BRDA:67,52,0,4
BRDA:67,53,0,2
BRDA:67,54,0,0
BRDA:67,55,0,1
BRDA:67,56,0,0
BRDA:19,57,0,1
BRDA:20,58,0,6
BRDA:28,59,0,6
BRDA:67,60,0,6
BRDA:67,61,0,21
BRDA:35,62,0,6
BRDA:67,63,0,0
BRDA:67,64,0,6
BRDA:37,65,0,1
BRDA:37,66,0,5
BRDA:67,67,0,0
BRDA:67,68,0,5
BRDA:41,69,0,1
BRDA:42,70,0,1
BRDA:42,71,0,4
BRDA:47,72,0,3
BRDA:48,73,0,1
BRDA:50,74,0,3
BRDA:52,75,0,2
BRDA:52,76,0,1
BRDA:52,77,0,2
BRDA:67,78,0,0
BRDA:67,79,0,2
BRDA:58,80,0,1
BRDA:67,81,0,0
BRDA:67,82,0,1
BRDA:63,83,0,2
BRDA:67,84,0,0
BRF:85
BRH:59
end_of_record
TN:
SF:src\modules\users\services\UpdateUserAvatarService.ts
FN:44,__decorate
FN:44,__metadata
FN:44,__param
FN:44,__awaiter
FN:44,adopt
FN:44,fulfilled
FN:44,rejected
FN:44,step
FN:44,__generator
FN:44,sent
FN:44,Symbol.function.g.(anonymous function)
FN:44,verb
FN:44,step
FN:44,__importDefault
FN:16,UpdateUserAvatarService
FN:24,UpdateUserAvatarService.execute
FNF:16
FNH:14
FNDA:1,__decorate
FNDA:1,__metadata
FNDA:2,__param
FNDA:4,__awaiter
FNDA:11,adopt
FNDA:11,fulfilled
FNDA:0,rejected
FNDA:14,step
FNDA:4,__generator
FNDA:11,sent
FNDA:0,Symbol.function.g.(anonymous function)
FNDA:12,verb
FNDA:15,step
FNDA:1,__importDefault
FNDA:3,UpdateUserAvatarService
FNDA:4,UpdateUserAvatarService.execute
DA:1,1
DA:2,1
DA:3,1
DA:4,1
DA:5,1
DA:6,1
DA:7,1
DA:8,1
DA:9,1
DA:10,1
DA:11,1
DA:12,1
DA:13,1
DA:14,1
DA:15,1
DA:16,1
DA:17,3
DA:18,3
DA:19,3
DA:20,3
DA:21,3
DA:22,3
DA:23,1
DA:24,1
DA:25,4
DA:26,4
DA:27,4
DA:28,4
DA:29,3
DA:30,3
DA:31,1
DA:32,4
DA:33,4
DA:34,4
DA:35,4
DA:36,4
DA:37,4
DA:38,4
DA:39,4
DA:40,4
DA:41,4
DA:42,1
DA:43,1
DA:44,1
LF:44
LH:44
BRDA:44,0,0,1
BRDA:44,1,0,1
BRDA:44,2,0,0
BRDA:44,3,0,0
BRDA:44,4,0,0
BRDA:44,5,0,0
BRDA:44,6,0,1
BRDA:44,7,0,2
BRDA:44,8,0,2
BRDA:44,9,0,4
BRDA:44,10,0,11
BRDA:44,11,0,0
BRDA:44,12,0,4
BRDA:44,13,0,11
BRDA:44,14,0,10
BRDA:44,15,0,1
BRDA:44,16,0,14
BRDA:44,17,0,3
BRDA:44,18,0,11
BRDA:44,19,0,4
BRDA:44,20,0,11
BRDA:44,21,0,0
BRDA:44,22,0,12
BRDA:44,23,0,15
BRDA:44,24,0,15
BRDA:44,25,0,0
BRDA:44,26,0,32
BRDA:44,27,0,0
BRDA:44,28,0,0
BRDA:44,29,0,0
BRDA:44,30,0,0
BRDA:44,31,0,15
BRDA:44,32,0,15
BRDA:44,33,0,0
BRDA:44,34,0,11
BRDA:44,35,0,0
BRDA:44,36,0,6
BRDA:44,37,0,0
BRDA:44,38,0,5
BRDA:44,39,0,4
BRDA:44,40,0,2
BRDA:44,41,0,0
BRDA:44,42,0,2
BRDA:44,43,0,0
BRDA:44,44,0,0
BRDA:44,45,0,0
BRDA:44,46,0,0
BRDA:44,47,0,17
BRDA:44,48,0,16
BRDA:44,49,0,1
BRDA:44,50,0,17
BRDA:44,51,0,4
BRDA:44,52,0,1
BRDA:44,53,0,3
BRDA:44,54,0,0
BRDA:44,55,0,1
BRDA:44,56,0,0
BRDA:15,57,0,1
BRDA:16,58,0,3
BRDA:24,59,0,4
BRDA:44,60,0,4
BRDA:44,61,0,17
BRDA:25,62,0,4
BRDA:44,63,0,0
BRDA:44,64,0,4
BRDA:28,65,0,1
BRDA:28,66,0,3
BRDA:30,67,0,2
BRDA:30,68,0,1
BRDA:44,69,0,0
BRDA:44,70,0,1
BRDA:34,71,0,3
BRDA:44,72,0,0
BRDA:44,73,0,3
BRDA:44,74,0,0
BRDA:44,75,0,3
BRDA:44,76,0,0
BRF:77
BRH:51
end_of_record
